init-params: initializing eigensolver data
Computing 2 bands with 1.000000e-07 tolerance.
Working in 3 dimensions.
Grid size is 32 x 288 x 288.
Solving for 2 bands at a time.
Creating Maxwell data...
Allocating fields...
Mesh size is 3.
Lattice vectors:
     (1, 0, 0)
     (0, 9, 0)
     (0, 0, 9)
Cell volume = 81
Reciprocal lattice vectors (/ 2 pi):
     (1, -0, 0)
     (-0, 0.111111, -0)
     (0, -0, 0.111111)
Geometric objects:
     block, center = (0,0,0)
          size (1,1.2,0.51)
          axes (1,0,0), (0,1,0), (0,0,1)
          dielectric constant epsilon = 12
     cylinder, center = (0,0,0)
          radius 0.28, height 0.51, axis (0, 0, 1)
          dielectric constant epsilon = 1
Geometric object tree has depth 2 and 5 object nodes (vs. 2 actual objects)
Initializing dielectric function...
2 k-points:
     (0.4,0,0)
     (0.5,0,0)
Solving for band polarization: zeven.
Initializing fields to random numbers...
elapsed time for initialization: 3 seconds.
epsilon: 1-12, mean 1.06609, harm. mean 1.00596, 0.657484% > 1, 0.600809% "fill"
Outputting 3d-epsilon...
solve_kpoint (0.4,0,0):
zevenfreqs:, k index, k1, k2, k3, kmag/2pi, zeven band 1, zeven band 2
Solving for bands 1 to 2...
    iteration    1: trace = 5.823314691561677 (195.499% change)
    iteration    2: trace = 0.3750063148516553 (175.799% change)
    iteration    3: trace = 0.2345001761701875 (46.1049% change)
    iteration    4: trace = 0.2015369885169059 (15.1194% change)
    iteration    5: trace = 0.1876381989868807 (7.14269% change)
    iteration    6: trace = 0.1819307525734986 (3.0887% change)
    iteration    7: trace = 0.1795032601131578 (1.34326% change)
    iteration    8: trace = 0.1783175161971922 (0.662759% change)
    iteration    9: trace = 0.1773469346232851 (0.545785% change)
    iteration   10: trace = 0.1761403287015018 (0.682687% change)
    iteration   11: trace = 0.1749485317118137 (0.678915% change)
    iteration   12: trace = 0.1741135860295031 (0.478394% change)
    iteration   13: trace = 0.1737236477544348 (0.224207% change)
    iteration   14: trace = 0.1735784852302265 (0.0835944% change)
    iteration   15: trace = 0.1735345976839284 (0.0252872% change)
    iteration   16: trace = 0.1735220375359398 (0.0072381% change)
    iteration   17: trace = 0.1735181109484558 (0.0022629% change)
    iteration   18: trace = 0.1735167983606608 (0.000756459% change)
    iteration   19: trace = 0.1735162431029296 (0.000320003% change)
    iteration   20: trace = 0.1735159771195055 (0.00015329% change)
    iteration   21: trace = 0.1735157909607112 (0.000107286% change)
    iteration   22: trace = 0.1735156418264496 (8.59486e-05% change)
    iteration   23: trace = 0.1735155305706149 (6.41186e-05% change)
    iteration   24: trace = 0.1735154742565008 (3.24548e-05% change)
    iteration   25: trace = 0.1735154529664918 (1.22698e-05% change)
    iteration   26: trace = 0.1735154448367155 (4.68533e-06% change)
Finished solving for bands 1 to 2 after 26 iterations.
zevenfreqs:, 1, 0.4, 0, 0, 0.4, 0.242768, 0.338496
elapsed time for k point: 3 minutes, 11 seconds.
solve_kpoint (0.5,0,0):
Solving for bands 1 to 2...
    iteration    1: trace = 0.1743224832387921 (3.25985% change)
    iteration    2: trace = 0.1724972672687697 (1.05254% change)
    iteration    3: trace = 0.1723631081785756 (0.0778049% change)
    iteration    4: trace = 0.1723241844737593 (0.0225849% change)
    iteration    5: trace = 0.1723191693695085 (0.00291032% change)
    iteration    6: trace = 0.1723185773770876 (0.000343545% change)
    iteration    7: trace = 0.1723184097655892 (9.72684e-05% change)
    iteration    8: trace = 0.1723183862744911 (1.36324e-05% change)
    iteration    9: trace = 0.1723183799100627 (3.69341e-06% change)
Finished solving for bands 1 to 2 after 9 iterations.
zevenfreqs:, 2, 0.5, 0, 0, 0.5, 0.252949, 0.329143
elapsed time for k point: 1 minute, 9 seconds.
Band 1 range: 0.2427676511195172 at #(0.4 0.0 0.0) to 0.2529494609324462 at #(0.5 0.0 0.0)
Band 2 range: 0.3291427503744479 at #(0.5 0.0 0.0) to 0.33849566083868765 at #(0.4 0.0 0.0)
Gap from band 1 (0.2529494609324462) to band 2 (0.3291427503744479), 26.17911319271394%
total elapsed time for run: 4 minutes, 26 seconds.
done.
